2022-12-16 11:23:11.061 [main] INFO  com.solvd.agency.business.Agency - Apartment{idApartment=1, location='Los Angeles', price=5000.0, numberRooms=5, available=true, for rent or for buy=FOR_BUY, owner=John Doe, owner contact=1234567} 
2022-12-16 11:23:11.066 [main] INFO  com.solvd.agency.business.Agency - Apartment{idApartment=2, location='New York', price=4000.0, numberRooms=3, available=true, for rent or for buy=FOR_RENT, owner=John Doe, owner contact=1234567} 
2022-12-16 11:23:11.067 [main] INFO  com.solvd.agency.business.Agency - Apartment{idApartment=3, location='Chicago', price=3500.0, numberRooms=3, available=true, for rent or for buy=FOR_RENT, owner=John Doe, owner contact=1234567} 
2022-12-16 11:23:11.067 [main] INFO  com.solvd.agency.business.Agency - Apartment{idApartment=4, location='Los Angeles', price=1500.0, numberRooms=1, available=true, for rent or for buy=FOR_BUY, owner=Meryl Streep, owner contact=2345678} 
2022-12-16 11:23:11.067 [main] INFO  com.solvd.agency.business.Agency - Apartment{idApartment=5, location='Chicago', price=2000.0, numberRooms=3, available=true, for rent or for buy=FOR_RENT, owner=Meryl Streep, owner contact=2345678} 
2022-12-16 11:23:11.067 [main] INFO  com.solvd.agency.business.Agency - Apartment{idApartment=6, location='Santa Cruz', price=6000.0, numberRooms=4, available=true, for rent or for buy=FOR_RENT, owner=Meryl Streep, owner contact=2345678} 
2022-12-16 11:23:11.068 [main] INFO  com.solvd.agency.business.Agency - Apartment{idApartment=7, location='New Jersey', price=3500.0, numberRooms=2, available=true, for rent or for buy=FOR_BUY, owner=Jason Momoa, owner contact=3456789} 
2022-12-16 11:23:11.068 [main] INFO  com.solvd.agency.business.Agency - Apartment{idApartment=8, location='Washington', price=5500.0, numberRooms=4, available=true, for rent or for buy=FOR_RENT, owner=Jason Momoa, owner contact=3456789} 
2022-12-16 11:23:11.068 [main] INFO  com.solvd.agency.business.Agency - Apartment{idApartment=9, location='Chicago', price=7000.0, numberRooms=3, available=true, for rent or for buy=FOR_BUY, owner=Jason Momoa, owner contact=3456789} 
2022-12-16 11:23:11.069 [main] INFO  com.solvd.agency.business.Agency - Agent{idAgent=1, percentageSaleCommission=20.0, percentageRentCommission=10.0, saleCommission=0.0, rentCommission=0.0, person=Person{firstName='Drew', lastName='Barrymore', phoneNumber=123456}} 
2022-12-16 11:23:11.069 [main] INFO  com.solvd.agency.business.Agency - Agent{idAgent=2, percentageSaleCommission=20.0, percentageRentCommission=10.0, saleCommission=0.0, rentCommission=0.0, person=Person{firstName='Kevin', lastName='Hart', phoneNumber=123456}} 
2022-12-16 11:23:11.069 [main] INFO  com.solvd.agency.business.Agency - Agent{idAgent=3, percentageSaleCommission=20.0, percentageRentCommission=10.0, saleCommission=0.0, rentCommission=0.0, person=Person{firstName='Dwayne', lastName='Johnson', phoneNumber=123456}} 
2022-12-16 11:23:11.070 [main] INFO  com.solvd.agency.business.Agency - Customer{idClient=3, city='Los Angeles', email='pablo@mail.com', person=Person{firstName='Jonas', lastName='Johnson', phoneNumber=123456}} 
2022-12-16 11:23:11.070 [main] INFO  com.solvd.agency.business.Agency - Customer{idClient=2, city='Missouri', email='pablo@mail.com', person=Person{firstName='Martin', lastName='Scorsese', phoneNumber=123456}} 
2022-12-16 11:23:11.070 [main] INFO  com.solvd.agency.business.Agency - Customer{idClient=1, city='Chicago', email='pablo@mail.com', person=Person{firstName='Paul', lastName='Newman', phoneNumber=123456}} 
2022-12-16 11:23:11.071 [main] INFO  com.solvd.agency.business.Agency - Not same memory space reference
2022-12-16 11:23:11.071 [main] INFO  com.solvd.agency.business.Agency - Objects with different content
2022-12-16 11:23:11.071 [main] INFO  com.solvd.agency.business.Agency - Objects with different hash code
2022-12-16 11:23:11.071 [main] WARN  com.solvd.agency.business.Agency - The number of rooms must be above zero
2022-12-16 11:23:11.072 [main] INFO  com.solvd.agency.business.Agency - There is no apartments for buy available with this number of rooms, location or amount
2022-12-16 11:23:11.100 [main] INFO  com.solvd.agency.business.Agency - Customer Jonas Johnson ID: 3 bought the apartment ID 9 to the owner Owner{idOwner=3, person=Person{firstName='Jason', lastName='Momoa', phoneNumber=3456789}}, throw the agent Drew Barrymore ID: 1 Contract ID: 1 Date of the Contract: 16-12-2022
2022-12-16 11:23:11.101 [main] INFO  com.solvd.agency.business.Agency - Customer Martin Scorsese ID: 2 rented the apartment ID 3 to the owner John Doe, throw the agent Drew Barrymore ID: 1 Contract ID: 2 Date of the Contract: 16-12-2022
2022-12-16 11:23:11.101 [main] INFO  com.solvd.agency.business.Agency - Customer Martin Scorsese ID: 2 rented the apartment ID 5 to the owner Meryl Streep, throw the agent Drew Barrymore ID: 1 Contract ID: 3 Date of the Contract: 16-12-2022
2022-12-16 11:23:11.101 [main] INFO  com.solvd.agency.business.Agency - Contract{idContract=1, idApartment=9, ownerFullName='Jason Momoa', agentFullName='Drew Barrymore', idAgent=1, customerFullName='Jonas Johnson', idCustomer=3, dateOfContract='16-12-2022'} 
2022-12-16 11:23:11.102 [main] INFO  com.solvd.agency.business.Agency - Contract{idContract=2, idApartment=3, ownerFullName='John Doe', agentFullName='Drew Barrymore', idAgent=1, customerFullName='Martin Scorsese', idCustomer=2, dateOfContract='16-12-2022'} 
2022-12-16 11:23:11.102 [main] INFO  com.solvd.agency.business.Agency - Contract{idContract=3, idApartment=5, ownerFullName='Meryl Streep', agentFullName='Drew Barrymore', idAgent=1, customerFullName='Martin Scorsese', idCustomer=2, dateOfContract='16-12-2022'} 
